<?xml version="1.0" encoding="UTF-8"?>
<!-- Generated by org.testng.reporters.JUnitXMLReporter -->
<testsuite hostname="IN01N00894" ignored="0" name="Default test" tests="3" failures="0" timestamp="17 Dec 2018 16:42:24 GMT" time="109.126" errors="0">
  <testcase name="CozyDailyRegression" time="104.034" classname="main.ActionKeywords"/>
  <testcase name="testNG" time="0.013" classname="main.ActionKeywords"/>
  <testcase name="timeout" time="5.01" classname="main.ActionKeywords"/>
</testsuite> <!-- Default test -->
